[2017-05-10T09:49:57,382][INFO ][o.e.n.Node               ] [] initializing ...
[2017-05-10T09:49:57,539][INFO ][o.e.e.NodeEnvironment    ] [ly3fOPr] using [1] data paths, mounts [[(C:)]], net usable_space [160.9gb], net total_space [223gb], spins? [unknown], types [NTFS]
[2017-05-10T09:49:57,539][INFO ][o.e.e.NodeEnvironment    ] [ly3fOPr] heap size [1.9gb], compressed ordinary object pointers [true]
[2017-05-10T09:49:57,539][INFO ][o.e.n.Node               ] node name [ly3fOPr] derived from node ID [ly3fOPrvSF-PnYaSKymMYA]; set [node.name] to override
[2017-05-10T09:49:57,554][INFO ][o.e.n.Node               ] version[5.3.2], pid[6804], build[3068195/2017-04-24T16:15:59.481Z], OS[Windows 10/10.0/amd64], JVM[Oracle Corporation/Java HotSpot(TM) 64-Bit Server VM/1.8.0_101/25.101-b13]
[2017-05-10T09:50:00,508][INFO ][o.e.p.PluginsService     ] [ly3fOPr] loaded module [aggs-matrix-stats]
[2017-05-10T09:50:00,508][INFO ][o.e.p.PluginsService     ] [ly3fOPr] loaded module [ingest-common]
[2017-05-10T09:50:00,508][INFO ][o.e.p.PluginsService     ] [ly3fOPr] loaded module [lang-expression]
[2017-05-10T09:50:00,523][INFO ][o.e.p.PluginsService     ] [ly3fOPr] loaded module [lang-groovy]
[2017-05-10T09:50:00,523][INFO ][o.e.p.PluginsService     ] [ly3fOPr] loaded module [lang-mustache]
[2017-05-10T09:50:00,523][INFO ][o.e.p.PluginsService     ] [ly3fOPr] loaded module [lang-painless]
[2017-05-10T09:50:00,523][INFO ][o.e.p.PluginsService     ] [ly3fOPr] loaded module [percolator]
[2017-05-10T09:50:00,523][INFO ][o.e.p.PluginsService     ] [ly3fOPr] loaded module [reindex]
[2017-05-10T09:50:00,523][INFO ][o.e.p.PluginsService     ] [ly3fOPr] loaded module [transport-netty3]
[2017-05-10T09:50:00,539][INFO ][o.e.p.PluginsService     ] [ly3fOPr] loaded module [transport-netty4]
[2017-05-10T09:50:00,539][INFO ][o.e.p.PluginsService     ] [ly3fOPr] no plugins loaded
[2017-05-10T09:50:04,414][INFO ][o.e.n.Node               ] initialized
[2017-05-10T09:50:04,414][INFO ][o.e.n.Node               ] [ly3fOPr] starting ...
[2017-05-10T09:50:04,992][INFO ][o.e.t.TransportService   ] [ly3fOPr] publish_address {127.0.0.1:9300}, bound_addresses {127.0.0.1:9300}, {[::1]:9300}
[2017-05-10T09:50:08,077][INFO ][o.e.c.s.ClusterService   ] [ly3fOPr] new_master {ly3fOPr}{ly3fOPrvSF-PnYaSKymMYA}{KX0C8DuYRICF6WIDf8jvjQ}{127.0.0.1}{127.0.0.1:9300}, reason: zen-disco-elected-as-master ([0] nodes joined)
[2017-05-10T09:50:08,140][INFO ][o.e.g.GatewayService     ] [ly3fOPr] recovered [0] indices into cluster_state
[2017-05-10T09:50:08,265][INFO ][o.e.h.n.Netty4HttpServerTransport] [ly3fOPr] publish_address {127.0.0.1:9200}, bound_addresses {127.0.0.1:9200}, {[::1]:9200}
[2017-05-10T09:50:08,280][INFO ][o.e.n.Node               ] [ly3fOPr] started
[2017-05-10T09:57:32,688][INFO ][o.e.b.Bootstrap          ] running graceful exit on windows
[2017-05-10T09:57:32,692][INFO ][o.e.n.Node               ] [ly3fOPr] stopping ...
[2017-05-10T09:57:32,735][INFO ][o.e.n.Node               ] [ly3fOPr] stopped
[2017-05-10T09:57:32,737][INFO ][o.e.n.Node               ] [ly3fOPr] closing ...
[2017-05-10T09:57:32,765][INFO ][o.e.n.Node               ] [ly3fOPr] closed
[2017-05-10T09:57:49,217][INFO ][o.e.n.Node               ] [] initializing ...
[2017-05-10T09:57:49,346][INFO ][o.e.e.NodeEnvironment    ] [ly3fOPr] using [1] data paths, mounts [[(C:)]], net usable_space [160.9gb], net total_space [223gb], spins? [unknown], types [NTFS]
[2017-05-10T09:57:49,351][INFO ][o.e.e.NodeEnvironment    ] [ly3fOPr] heap size [1.9gb], compressed ordinary object pointers [true]
[2017-05-10T09:57:49,358][INFO ][o.e.n.Node               ] node name [ly3fOPr] derived from node ID [ly3fOPrvSF-PnYaSKymMYA]; set [node.name] to override
[2017-05-10T09:57:49,361][INFO ][o.e.n.Node               ] version[5.3.2], pid[14248], build[3068195/2017-04-24T16:15:59.481Z], OS[Windows 10/10.0/amd64], JVM[Oracle Corporation/Java HotSpot(TM) 64-Bit Server VM/1.8.0_101/25.101-b13]
[2017-05-10T09:57:52,466][INFO ][o.e.p.PluginsService     ] [ly3fOPr] loaded module [aggs-matrix-stats]
[2017-05-10T09:57:52,469][INFO ][o.e.p.PluginsService     ] [ly3fOPr] loaded module [ingest-common]
[2017-05-10T09:57:52,472][INFO ][o.e.p.PluginsService     ] [ly3fOPr] loaded module [lang-expression]
[2017-05-10T09:57:52,475][INFO ][o.e.p.PluginsService     ] [ly3fOPr] loaded module [lang-groovy]
[2017-05-10T09:57:52,477][INFO ][o.e.p.PluginsService     ] [ly3fOPr] loaded module [lang-mustache]
[2017-05-10T09:57:52,480][INFO ][o.e.p.PluginsService     ] [ly3fOPr] loaded module [lang-painless]
[2017-05-10T09:57:52,483][INFO ][o.e.p.PluginsService     ] [ly3fOPr] loaded module [percolator]
[2017-05-10T09:57:52,486][INFO ][o.e.p.PluginsService     ] [ly3fOPr] loaded module [reindex]
[2017-05-10T09:57:52,489][INFO ][o.e.p.PluginsService     ] [ly3fOPr] loaded module [transport-netty3]
[2017-05-10T09:57:52,492][INFO ][o.e.p.PluginsService     ] [ly3fOPr] loaded module [transport-netty4]
[2017-05-10T09:57:52,495][INFO ][o.e.p.PluginsService     ] [ly3fOPr] no plugins loaded
[2017-05-10T09:57:56,416][INFO ][o.e.n.Node               ] initialized
[2017-05-10T09:57:56,418][INFO ][o.e.n.Node               ] [ly3fOPr] starting ...
[2017-05-10T09:57:56,849][INFO ][o.e.t.TransportService   ] [ly3fOPr] publish_address {127.0.0.1:9300}, bound_addresses {127.0.0.1:9300}, {[::1]:9300}
[2017-05-10T09:57:59,940][INFO ][o.e.c.s.ClusterService   ] [ly3fOPr] new_master {ly3fOPr}{ly3fOPrvSF-PnYaSKymMYA}{dseOu_QcR5uy5swQtaOIxQ}{127.0.0.1}{127.0.0.1:9300}, reason: zen-disco-elected-as-master ([0] nodes joined)
[2017-05-10T09:58:00,031][INFO ][o.e.g.GatewayService     ] [ly3fOPr] recovered [0] indices into cluster_state
[2017-05-10T09:58:00,218][INFO ][o.e.h.n.Netty4HttpServerTransport] [ly3fOPr] publish_address {127.0.0.1:9200}, bound_addresses {127.0.0.1:9200}, {[::1]:9200}
[2017-05-10T09:58:00,228][INFO ][o.e.n.Node               ] [ly3fOPr] started
[2017-05-10T10:16:11,039][INFO ][o.e.b.Bootstrap          ] running graceful exit on windows
[2017-05-10T10:16:11,042][INFO ][o.e.n.Node               ] [ly3fOPr] stopping ...
[2017-05-10T10:16:11,076][INFO ][o.e.n.Node               ] [ly3fOPr] stopped
[2017-05-10T10:16:11,078][INFO ][o.e.n.Node               ] [ly3fOPr] closing ...
[2017-05-10T10:16:11,103][INFO ][o.e.n.Node               ] [ly3fOPr] closed
[2017-05-10T10:16:25,154][INFO ][o.e.n.Node               ] [] initializing ...
[2017-05-10T10:16:25,312][INFO ][o.e.e.NodeEnvironment    ] [ly3fOPr] using [1] data paths, mounts [[(C:)]], net usable_space [160.4gb], net total_space [223gb], spins? [unknown], types [NTFS]
[2017-05-10T10:16:25,317][INFO ][o.e.e.NodeEnvironment    ] [ly3fOPr] heap size [1.9gb], compressed ordinary object pointers [true]
[2017-05-10T10:16:25,324][INFO ][o.e.n.Node               ] node name [ly3fOPr] derived from node ID [ly3fOPrvSF-PnYaSKymMYA]; set [node.name] to override
[2017-05-10T10:16:25,328][INFO ][o.e.n.Node               ] version[5.3.2], pid[1164], build[3068195/2017-04-24T16:15:59.481Z], OS[Windows 10/10.0/amd64], JVM[Oracle Corporation/Java HotSpot(TM) 64-Bit Server VM/1.8.0_101/25.101-b13]
[2017-05-10T10:16:28,335][INFO ][o.e.p.PluginsService     ] [ly3fOPr] loaded module [aggs-matrix-stats]
[2017-05-10T10:16:28,339][INFO ][o.e.p.PluginsService     ] [ly3fOPr] loaded module [ingest-common]
[2017-05-10T10:16:28,342][INFO ][o.e.p.PluginsService     ] [ly3fOPr] loaded module [lang-expression]
[2017-05-10T10:16:28,346][INFO ][o.e.p.PluginsService     ] [ly3fOPr] loaded module [lang-groovy]
[2017-05-10T10:16:28,349][INFO ][o.e.p.PluginsService     ] [ly3fOPr] loaded module [lang-mustache]
[2017-05-10T10:16:28,352][INFO ][o.e.p.PluginsService     ] [ly3fOPr] loaded module [lang-painless]
[2017-05-10T10:16:28,356][INFO ][o.e.p.PluginsService     ] [ly3fOPr] loaded module [percolator]
[2017-05-10T10:16:28,359][INFO ][o.e.p.PluginsService     ] [ly3fOPr] loaded module [reindex]
[2017-05-10T10:16:28,361][INFO ][o.e.p.PluginsService     ] [ly3fOPr] loaded module [transport-netty3]
[2017-05-10T10:16:28,364][INFO ][o.e.p.PluginsService     ] [ly3fOPr] loaded module [transport-netty4]
[2017-05-10T10:16:28,368][INFO ][o.e.p.PluginsService     ] [ly3fOPr] no plugins loaded
[2017-05-10T10:16:32,357][INFO ][o.e.n.Node               ] initialized
[2017-05-10T10:16:32,359][INFO ][o.e.n.Node               ] [ly3fOPr] starting ...
[2017-05-10T10:16:32,785][INFO ][o.e.t.TransportService   ] [ly3fOPr] publish_address {127.0.0.1:9300}, bound_addresses {127.0.0.1:9300}, {[::1]:9300}
[2017-05-10T10:16:35,885][INFO ][o.e.c.s.ClusterService   ] [ly3fOPr] new_master {ly3fOPr}{ly3fOPrvSF-PnYaSKymMYA}{iMTuuv-ET6uWz28Qq1n6ZQ}{127.0.0.1}{127.0.0.1:9300}, reason: zen-disco-elected-as-master ([0] nodes joined)
[2017-05-10T10:16:35,973][INFO ][o.e.g.GatewayService     ] [ly3fOPr] recovered [0] indices into cluster_state
[2017-05-10T10:16:36,104][INFO ][o.e.h.n.Netty4HttpServerTransport] [ly3fOPr] publish_address {127.0.0.1:9200}, bound_addresses {127.0.0.1:9200}, {[::1]:9200}
[2017-05-10T10:16:36,114][INFO ][o.e.n.Node               ] [ly3fOPr] started
[2017-05-10T11:46:08,899][INFO ][o.e.c.m.MetaDataCreateIndexService] [ly3fOPr] [flashcart] creating index, cause [auto(bulk api)], templates [], shards [5]/[1], mappings []
[2017-05-10T11:46:09,650][INFO ][o.e.c.m.MetaDataMappingService] [ly3fOPr] [flashcart/G6ulWiocS4yK1umsR_2SMg] create_mapping [store_products]
[2017-05-10T11:46:09,682][INFO ][o.e.c.m.MetaDataMappingService] [ly3fOPr] [flashcart/G6ulWiocS4yK1umsR_2SMg] update_mapping [store_products]
[2017-05-10T11:46:09,881][INFO ][o.e.c.m.MetaDataMappingService] [ly3fOPr] [flashcart/G6ulWiocS4yK1umsR_2SMg] update_mapping [store_products]
[2017-05-10T20:13:28,124][INFO ][o.e.n.Node               ] [] initializing ...
[2017-05-10T20:13:28,249][INFO ][o.e.e.NodeEnvironment    ] [ly3fOPr] using [1] data paths, mounts [[(C:)]], net usable_space [160.2gb], net total_space [223gb], spins? [unknown], types [NTFS]
[2017-05-10T20:13:28,265][INFO ][o.e.e.NodeEnvironment    ] [ly3fOPr] heap size [1.9gb], compressed ordinary object pointers [true]
[2017-05-10T20:13:28,328][INFO ][o.e.n.Node               ] node name [ly3fOPr] derived from node ID [ly3fOPrvSF-PnYaSKymMYA]; set [node.name] to override
[2017-05-10T20:13:28,328][INFO ][o.e.n.Node               ] version[5.3.2], pid[2276], build[3068195/2017-04-24T16:15:59.481Z], OS[Windows 10/10.0/amd64], JVM[Oracle Corporation/Java HotSpot(TM) 64-Bit Server VM/1.8.0_101/25.101-b13]
[2017-05-10T20:13:31,312][INFO ][o.e.p.PluginsService     ] [ly3fOPr] loaded module [aggs-matrix-stats]
[2017-05-10T20:13:31,312][INFO ][o.e.p.PluginsService     ] [ly3fOPr] loaded module [ingest-common]
[2017-05-10T20:13:31,312][INFO ][o.e.p.PluginsService     ] [ly3fOPr] loaded module [lang-expression]
[2017-05-10T20:13:31,312][INFO ][o.e.p.PluginsService     ] [ly3fOPr] loaded module [lang-groovy]
[2017-05-10T20:13:31,328][INFO ][o.e.p.PluginsService     ] [ly3fOPr] loaded module [lang-mustache]
[2017-05-10T20:13:31,328][INFO ][o.e.p.PluginsService     ] [ly3fOPr] loaded module [lang-painless]
[2017-05-10T20:13:31,328][INFO ][o.e.p.PluginsService     ] [ly3fOPr] loaded module [percolator]
[2017-05-10T20:13:31,328][INFO ][o.e.p.PluginsService     ] [ly3fOPr] loaded module [reindex]
[2017-05-10T20:13:31,328][INFO ][o.e.p.PluginsService     ] [ly3fOPr] loaded module [transport-netty3]
[2017-05-10T20:13:31,343][INFO ][o.e.p.PluginsService     ] [ly3fOPr] loaded module [transport-netty4]
[2017-05-10T20:13:31,343][INFO ][o.e.p.PluginsService     ] [ly3fOPr] no plugins loaded
[2017-05-10T20:13:36,625][INFO ][o.e.n.Node               ] initialized
[2017-05-10T20:13:36,625][INFO ][o.e.n.Node               ] [ly3fOPr] starting ...
[2017-05-10T20:13:37,528][INFO ][o.e.t.TransportService   ] [ly3fOPr] publish_address {127.0.0.1:9300}, bound_addresses {127.0.0.1:9300}, {[::1]:9300}
[2017-05-10T20:13:40,653][INFO ][o.e.c.s.ClusterService   ] [ly3fOPr] new_master {ly3fOPr}{ly3fOPrvSF-PnYaSKymMYA}{_sTiIqIdTmK5ow9tTNWPXg}{127.0.0.1}{127.0.0.1:9300}, reason: zen-disco-elected-as-master ([0] nodes joined)
[2017-05-10T20:13:41,153][INFO ][o.e.g.GatewayService     ] [ly3fOPr] recovered [1] indices into cluster_state
[2017-05-10T20:13:41,215][INFO ][o.e.h.n.Netty4HttpServerTransport] [ly3fOPr] publish_address {127.0.0.1:9200}, bound_addresses {127.0.0.1:9200}, {[::1]:9200}
[2017-05-10T20:13:41,168][WARN ][o.e.g.GatewayAllocator$InternalPrimaryShardAllocator] [ly3fOPr] [flashcart][1]: failed to list shard for shard_started on node [ly3fOPrvSF-PnYaSKymMYA]
org.elasticsearch.action.FailedNodeException: Failed node [ly3fOPrvSF-PnYaSKymMYA]
	at org.elasticsearch.action.support.nodes.TransportNodesAction$AsyncAction.onFailure(TransportNodesAction.java:246) [elasticsearch-5.3.2.jar:5.3.2]
	at org.elasticsearch.action.support.nodes.TransportNodesAction$AsyncAction.access$200(TransportNodesAction.java:160) [elasticsearch-5.3.2.jar:5.3.2]
	at org.elasticsearch.action.support.nodes.TransportNodesAction$AsyncAction$1.handleException(TransportNodesAction.java:218) [elasticsearch-5.3.2.jar:5.3.2]
	at org.elasticsearch.transport.TransportService$ContextRestoreResponseHandler.handleException(TransportService.java:1032) [elasticsearch-5.3.2.jar:5.3.2]
	at org.elasticsearch.transport.TransportService$DirectResponseChannel.processException(TransportService.java:1134) [elasticsearch-5.3.2.jar:5.3.2]
	at org.elasticsearch.transport.TransportService$DirectResponseChannel.sendResponse(TransportService.java:1112) [elasticsearch-5.3.2.jar:5.3.2]
	at org.elasticsearch.transport.TransportService$7.onFailure(TransportService.java:629) [elasticsearch-5.3.2.jar:5.3.2]
	at org.elasticsearch.common.util.concurrent.ThreadContext$ContextPreservingAbstractRunnable.onFailure(ThreadContext.java:623) [elasticsearch-5.3.2.jar:5.3.2]
	at org.elasticsearch.common.util.concurrent.AbstractRunnable.run(AbstractRunnable.java:39) [elasticsearch-5.3.2.jar:5.3.2]
	at java.util.concurrent.ThreadPoolExecutor.runWorker(Unknown Source) [?:1.8.0_101]
	at java.util.concurrent.ThreadPoolExecutor$Worker.run(Unknown Source) [?:1.8.0_101]
	at java.lang.Thread.run(Unknown Source) [?:1.8.0_101]
Caused by: org.elasticsearch.transport.RemoteTransportException: [ly3fOPr][127.0.0.1:9300][internal:gateway/local/started_shards[n]]
Caused by: org.elasticsearch.ElasticsearchException: failed to load started shards
	at org.elasticsearch.gateway.TransportNodesListGatewayStartedShards.nodeOperation(TransportNodesListGatewayStartedShards.java:171) ~[elasticsearch-5.3.2.jar:5.3.2]
	at org.elasticsearch.gateway.TransportNodesListGatewayStartedShards.nodeOperation(TransportNodesListGatewayStartedShards.java:61) ~[elasticsearch-5.3.2.jar:5.3.2]
	at org.elasticsearch.action.support.nodes.TransportNodesAction.nodeOperation(TransportNodesAction.java:145) ~[elasticsearch-5.3.2.jar:5.3.2]
	at org.elasticsearch.action.support.nodes.TransportNodesAction$NodeTransportHandler.messageReceived(TransportNodesAction.java:269) ~[elasticsearch-5.3.2.jar:5.3.2]
	at org.elasticsearch.action.support.nodes.TransportNodesAction$NodeTransportHandler.messageReceived(TransportNodesAction.java:265) ~[elasticsearch-5.3.2.jar:5.3.2]
	at org.elasticsearch.transport.RequestHandlerRegistry.processMessageReceived(RequestHandlerRegistry.java:69) ~[elasticsearch-5.3.2.jar:5.3.2]
	at org.elasticsearch.transport.TransportService$7.doRun(TransportService.java:618) ~[elasticsearch-5.3.2.jar:5.3.2]
	at org.elasticsearch.common.util.concurrent.ThreadContext$ContextPreservingAbstractRunnable.doRun(ThreadContext.java:638) ~[elasticsearch-5.3.2.jar:5.3.2]
	at org.elasticsearch.common.util.concurrent.AbstractRunnable.run(AbstractRunnable.java:37) ~[elasticsearch-5.3.2.jar:5.3.2]
	... 3 more
Caused by: org.elasticsearch.ElasticsearchException: java.io.IOException: failed to read [id:4, legacy:false, file:C:\Users\AlexShifu\Desktop\FlashCart\elasticsearch-5.3.2\data\nodes\0\indices\G6ulWiocS4yK1umsR_2SMg\_state\state-4.st]
	at org.elasticsearch.ExceptionsHelper.maybeThrowRuntimeAndSuppress(ExceptionsHelper.java:150) ~[elasticsearch-5.3.2.jar:5.3.2]
	at org.elasticsearch.gateway.MetaDataStateFormat.loadLatestState(MetaDataStateFormat.java:334) ~[elasticsearch-5.3.2.jar:5.3.2]
	at org.elasticsearch.gateway.TransportNodesListGatewayStartedShards.nodeOperation(TransportNodesListGatewayStartedShards.java:127) ~[elasticsearch-5.3.2.jar:5.3.2]
	at org.elasticsearch.gateway.TransportNodesListGatewayStartedShards.nodeOperation(TransportNodesListGatewayStartedShards.java:61) ~[elasticsearch-5.3.2.jar:5.3.2]
	at org.elasticsearch.action.support.nodes.TransportNodesAction.nodeOperation(TransportNodesAction.java:145) ~[elasticsearch-5.3.2.jar:5.3.2]
	at org.elasticsearch.action.support.nodes.TransportNodesAction$NodeTransportHandler.messageReceived(TransportNodesAction.java:269) ~[elasticsearch-5.3.2.jar:5.3.2]
	at org.elasticsearch.action.support.nodes.TransportNodesAction$NodeTransportHandler.messageReceived(TransportNodesAction.java:265) ~[elasticsearch-5.3.2.jar:5.3.2]
	at org.elasticsearch.transport.RequestHandlerRegistry.processMessageReceived(RequestHandlerRegistry.java:69) ~[elasticsearch-5.3.2.jar:5.3.2]
	at org.elasticsearch.transport.TransportService$7.doRun(TransportService.java:618) ~[elasticsearch-5.3.2.jar:5.3.2]
	at org.elasticsearch.common.util.concurrent.ThreadContext$ContextPreservingAbstractRunnable.doRun(ThreadContext.java:638) ~[elasticsearch-5.3.2.jar:5.3.2]
	at org.elasticsearch.common.util.concurrent.AbstractRunnable.run(AbstractRunnable.java:37) ~[elasticsearch-5.3.2.jar:5.3.2]
	... 3 more
Caused by: java.io.IOException: failed to read [id:4, legacy:false, file:C:\Users\AlexShifu\Desktop\FlashCart\elasticsearch-5.3.2\data\nodes\0\indices\G6ulWiocS4yK1umsR_2SMg\_state\state-4.st]
	at org.elasticsearch.gateway.MetaDataStateFormat.loadLatestState(MetaDataStateFormat.java:327) ~[elasticsearch-5.3.2.jar:5.3.2]
	at org.elasticsearch.gateway.TransportNodesListGatewayStartedShards.nodeOperation(TransportNodesListGatewayStartedShards.java:127) ~[elasticsearch-5.3.2.jar:5.3.2]
	at org.elasticsearch.gateway.TransportNodesListGatewayStartedShards.nodeOperation(TransportNodesListGatewayStartedShards.java:61) ~[elasticsearch-5.3.2.jar:5.3.2]
	at org.elasticsearch.action.support.nodes.TransportNodesAction.nodeOperation(TransportNodesAction.java:145) ~[elasticsearch-5.3.2.jar:5.3.2]
	at org.elasticsearch.action.support.nodes.TransportNodesAction$NodeTransportHandler.messageReceived(TransportNodesAction.java:269) ~[elasticsearch-5.3.2.jar:5.3.2]
	at org.elasticsearch.action.support.nodes.TransportNodesAction$NodeTransportHandler.messageReceived(TransportNodesAction.java:265) ~[elasticsearch-5.3.2.jar:5.3.2]
	at org.elasticsearch.transport.RequestHandlerRegistry.processMessageReceived(RequestHandlerRegistry.java:69) ~[elasticsearch-5.3.2.jar:5.3.2]
	at org.elasticsearch.transport.TransportService$7.doRun(TransportService.java:618) ~[elasticsearch-5.3.2.jar:5.3.2]
	at org.elasticsearch.common.util.concurrent.ThreadContext$ContextPreservingAbstractRunnable.doRun(ThreadContext.java:638) ~[elasticsearch-5.3.2.jar:5.3.2]
	at org.elasticsearch.common.util.concurrent.AbstractRunnable.run(AbstractRunnable.java:37) ~[elasticsearch-5.3.2.jar:5.3.2]
	... 3 more
Caused by: java.nio.file.NoSuchFileException: C:\Users\AlexShifu\Desktop\FlashCart\elasticsearch-5.3.2\data\nodes\0\indices\G6ulWiocS4yK1umsR_2SMg\_state\state-4.st
	at sun.nio.fs.WindowsException.translateToIOException(Unknown Source) ~[?:?]
	at sun.nio.fs.WindowsException.rethrowAsIOException(Unknown Source) ~[?:?]
	at sun.nio.fs.WindowsException.rethrowAsIOException(Unknown Source) ~[?:?]
	at sun.nio.fs.WindowsFileSystemProvider.newByteChannel(Unknown Source) ~[?:?]
	at java.nio.file.Files.newByteChannel(Unknown Source) ~[?:1.8.0_101]
	at java.nio.file.Files.newByteChannel(Unknown Source) ~[?:1.8.0_101]
	at org.apache.lucene.store.SimpleFSDirectory.openInput(SimpleFSDirectory.java:77) ~[lucene-core-6.4.2.jar:6.4.2 34a975ca3d4bd7fa121340e5bcbf165929e0542f - ishan - 2017-03-01 23:23:13]
	at org.elasticsearch.gateway.MetaDataStateFormat.read(MetaDataStateFormat.java:187) ~[elasticsearch-5.3.2.jar:5.3.2]
	at org.elasticsearch.gateway.MetaDataStateFormat.loadLatestState(MetaDataStateFormat.java:322) ~[elasticsearch-5.3.2.jar:5.3.2]
	at org.elasticsearch.gateway.TransportNodesListGatewayStartedShards.nodeOperation(TransportNodesListGatewayStartedShards.java:127) ~[elasticsearch-5.3.2.jar:5.3.2]
	at org.elasticsearch.gateway.TransportNodesListGatewayStartedShards.nodeOperation(TransportNodesListGatewayStartedShards.java:61) ~[elasticsearch-5.3.2.jar:5.3.2]
	at org.elasticsearch.action.support.nodes.TransportNodesAction.nodeOperation(TransportNodesAction.java:145) ~[elasticsearch-5.3.2.jar:5.3.2]
	at org.elasticsearch.action.support.nodes.TransportNodesAction$NodeTransportHandler.messageReceived(TransportNodesAction.java:269) ~[elasticsearch-5.3.2.jar:5.3.2]
	at org.elasticsearch.action.support.nodes.TransportNodesAction$NodeTransportHandler.messageReceived(TransportNodesAction.java:265) ~[elasticsearch-5.3.2.jar:5.3.2]
	at org.elasticsearch.transport.RequestHandlerRegistry.processMessageReceived(RequestHandlerRegistry.java:69) ~[elasticsearch-5.3.2.jar:5.3.2]
	at org.elasticsearch.transport.TransportService$7.doRun(TransportService.java:618) ~[elasticsearch-5.3.2.jar:5.3.2]
	at org.elasticsearch.common.util.concurrent.ThreadContext$ContextPreservingAbstractRunnable.doRun(ThreadContext.java:638) ~[elasticsearch-5.3.2.jar:5.3.2]
	at org.elasticsearch.common.util.concurrent.AbstractRunnable.run(AbstractRunnable.java:37) ~[elasticsearch-5.3.2.jar:5.3.2]
	... 3 more
[2017-05-10T20:13:41,621][INFO ][o.e.n.Node               ] [ly3fOPr] started
[2017-05-10T20:13:42,137][INFO ][o.e.c.r.a.AllocationService] [ly3fOPr] Cluster health status changed from [RED] to [YELLOW] (reason: [shards started [[flashcart][1]] ...]).
